# JRE version: OpenJDK Runtime Environment (8.0_292-b10) (build 1.8.0_292-b10)
# Java VM: OpenJDK 64-Bit Server VM (25.292-b10 mixed mode windows-amd64 compressed oops)
Heap:
 PSYoungGen      total 64000K, used 43903K [0x00000000ec400000, 0x00000000f5b00000, 0x0000000100000000)
  eden space 61440K, 71% used [0x00000000ec400000,0x00000000eeedff60,0x00000000f0000000)
  from space 2560K, 0% used [0x00000000f0000000,0x00000000f0000000,0x00000000f0280000)
  to   space 15872K, 0% used [0x00000000f4b80000,0x00000000f4b80000,0x00000000f5b00000)
 ParOldGen       total 59904K, used 22048K [0x00000000c4c00000, 0x00000000c8680000, 0x00000000ec400000)
  object space 59904K, 36% used [0x00000000c4c00000,0x00000000c6188228,0x00000000c8680000)
 Metaspace       used 21341K, capacity 21652K, committed 21760K, reserved 1069056K
  class space    used 2698K, capacity 2796K, committed 2816K, reserved 1048576K
GC Heap History (10 events):
Event: 0.418 GC heap before
{Heap before GC invocations=2 (full 0):
 PSYoungGen      total 17920K, used 17902K [0x00000000ec400000, 0x00000000ee700000, 0x0000000100000000)
  eden space 15360K, 100% used [0x00000000ec400000,0x00000000ed300000,0x00000000ed300000)
  from space 2560K, 99% used [0x00000000ed300000,0x00000000ed57b978,0x00000000ed580000)
  to   space 2560K, 0% used [0x00000000ee480000,0x00000000ee480000,0x00000000ee700000)
 ParOldGen       total 40960K, used 528K [0x00000000c4c00000, 0x00000000c7400000, 0x00000000ec400000)
  object space 40960K, 1% used [0x00000000c4c00000,0x00000000c4c841a0,0x00000000c7400000)
 Metaspace       used 5676K, capacity 5774K, committed 5888K, reserved 1056768K
  class space    used 619K, capacity 663K, committed 768K, reserved 1048576K
Event: 0.421 GC heap after
Heap after GC invocations=2 (full 0):
 PSYoungGen      total 33280K, used 2538K [0x00000000ec400000, 0x00000000ee700000, 0x0000000100000000)
  eden space 30720K, 0% used [0x00000000ec400000,0x00000000ec400000,0x00000000ee200000)
  from space 2560K, 99% used [0x00000000ee480000,0x00000000ee6fa9e8,0x00000000ee700000)
  to   space 2560K, 0% used [0x00000000ee200000,0x00000000ee200000,0x00000000ee480000)
 ParOldGen       total 40960K, used 5102K [0x00000000c4c00000, 0x00000000c7400000, 0x00000000ec400000)
  object space 40960K, 12% used [0x00000000c4c00000,0x00000000c50fb880,0x00000000c7400000)
 Metaspace       used 5676K, capacity 5774K, committed 5888K, reserved 1056768K
  class space    used 619K, capacity 663K, committed 768K, reserved 1048576K
}
Event: 0.726 GC heap before
{Heap before GC invocations=3 (full 0):
 PSYoungGen      total 33280K, used 33024K [0x00000000ec400000, 0x00000000ee700000, 0x0000000100000000)
  eden space 30720K, 99% used [0x00000000ec400000,0x00000000ee1c5798,0x00000000ee200000)
  from space 2560K, 99% used [0x00000000ee480000,0x00000000ee6fa9e8,0x00000000ee700000)
  to   space 2560K, 0% used [0x00000000ee200000,0x00000000ee200000,0x00000000ee480000)
 ParOldGen       total 40960K, used 5102K [0x00000000c4c00000, 0x00000000c7400000, 0x00000000ec400000)
  object space 40960K, 12% used [0x00000000c4c00000,0x00000000c50fb880,0x00000000c7400000)
 Metaspace       used 8578K, capacity 8692K, committed 8832K, reserved 1056768K
  class space    used 1030K, capacity 1080K, committed 1152K, reserved 1048576K
Event: 0.732 GC heap after
Heap after GC invocations=3 (full 0):
 PSYoungGen      total 33280K, used 2541K [0x00000000ec400000, 0x00000000f0500000, 0x0000000100000000)
  eden space 30720K, 0% used [0x00000000ec400000,0x00000000ec400000,0x00000000ee200000)
  from space 2560K, 99% used [0x00000000ee200000,0x00000000ee47b600,0x00000000ee480000)
  to   space 2560K, 0% used [0x00000000f0280000,0x00000000f0280000,0x00000000f0500000)
 ParOldGen       total 40960K, used 12477K [0x00000000c4c00000, 0x00000000c7400000, 0x00000000ec400000)
  object space 40960K, 30% used [0x00000000c4c00000,0x00000000c582f7b8,0x00000000c7400000)
 Metaspace       used 8578K, capacity 8692K, committed 8832K, reserved 1056768K
  class space    used 1030K, capacity 1080K, committed 1152K, reserved 1048576K
}
Event: 1.006 GC heap before
{Heap before GC invocations=4 (full 0):
 PSYoungGen      total 33280K, used 33261K [0x00000000ec400000, 0x00000000f0500000, 0x0000000100000000)
  eden space 30720K, 100% used [0x00000000ec400000,0x00000000ee200000,0x00000000ee200000)
  from space 2560K, 99% used [0x00000000ee200000,0x00000000ee47b600,0x00000000ee480000)
  to   space 2560K, 0% used [0x00000000f0280000,0x00000000f0280000,0x00000000f0500000)
 ParOldGen       total 40960K, used 12477K [0x00000000c4c00000, 0x00000000c7400000, 0x00000000ec400000)
  object space 40960K, 30% used [0x00000000c4c00000,0x00000000c582f7b8,0x00000000c7400000)
 Metaspace       used 11719K, capacity 11866K, committed 12032K, reserved 1060864K
  class space    used 1454K, capacity 1497K, committed 1536K, reserved 1048576K
Event: 1.011 GC heap after
Heap after GC invocations=4 (full 0):
 PSYoungGen      total 64000K, used 2548K [0x00000000ec400000, 0x00000000f0500000, 0x0000000100000000)
  eden space 61440K, 0% used [0x00000000ec400000,0x00000000ec400000,0x00000000f0000000)
  from space 2560K, 99% used [0x00000000f0280000,0x00000000f04fd190,0x00000000f0500000)
  to   space 2560K, 0% used [0x00000000f0000000,0x00000000f0000000,0x00000000f0280000)
 ParOldGen       total 40960K, used 18535K [0x00000000c4c00000, 0x00000000c7400000, 0x00000000ec400000)
  object space 40960K, 45% used [0x00000000c4c00000,0x00000000c5e19d18,0x00000000c7400000)
 Metaspace       used 11719K, capacity 11866K, committed 12032K, reserved 1060864K
  class space    used 1454K, capacity 1497K, committed 1536K, reserved 1048576K
}
Event: 1.751 GC heap before
{Heap before GC invocations=5 (full 0):
 PSYoungGen      total 64000K, used 63988K [0x00000000ec400000, 0x00000000f0500000, 0x0000000100000000)
  eden space 61440K, 100% used [0x00000000ec400000,0x00000000f0000000,0x00000000f0000000)
  from space 2560K, 99% used [0x00000000f0280000,0x00000000f04fd190,0x00000000f0500000)
  to   space 2560K, 0% used [0x00000000f0000000,0x00000000f0000000,0x00000000f0280000)
 ParOldGen       total 40960K, used 18535K [0x00000000c4c00000, 0x00000000c7400000, 0x00000000ec400000)
  object space 40960K, 45% used [0x00000000c4c00000,0x00000000c5e19d18,0x00000000c7400000)
 Metaspace       used 18810K, capacity 19028K, committed 19200K, reserved 1067008K
  class space    used 2435K, capacity 2510K, committed 2560K, reserved 1048576K
Event: 1.759 GC heap after
Heap after GC invocations=5 (full 0):
 PSYoungGen      total 64000K, used 2547K [0x00000000ec400000, 0x00000000f5b00000, 0x0000000100000000)
  eden space 61440K, 0% used [0x00000000ec400000,0x00000000ec400000,0x00000000f0000000)
  from space 2560K, 99% used [0x00000000f0000000,0x00000000f027cc70,0x00000000f0280000)
  to   space 15872K, 0% used [0x00000000f4b80000,0x00000000f4b80000,0x00000000f5b00000)
 ParOldGen       total 40960K, used 30011K [0x00000000c4c00000, 0x00000000c7400000, 0x00000000ec400000)
  object space 40960K, 73% used [0x00000000c4c00000,0x00000000c694ee40,0x00000000c7400000)
 Metaspace       used 18810K, capacity 19028K, committed 19200K, reserved 1067008K
  class space    used 2435K, capacity 2510K, committed 2560K, reserved 1048576K
}
Event: 1.759 GC heap before
{Heap before GC invocations=6 (full 1):
 PSYoungGen      total 64000K, used 2547K [0x00000000ec400000, 0x00000000f5b00000, 0x0000000100000000)
  eden space 61440K, 0% used [0x00000000ec400000,0x00000000ec400000,0x00000000f0000000)
  from space 2560K, 99% used [0x00000000f0000000,0x00000000f027cc70,0x00000000f0280000)
  to   space 15872K, 0% used [0x00000000f4b80000,0x00000000f4b80000,0x00000000f5b00000)
 ParOldGen       total 40960K, used 30011K [0x00000000c4c00000, 0x00000000c7400000, 0x00000000ec400000)
  object space 40960K, 73% used [0x00000000c4c00000,0x00000000c694ee40,0x00000000c7400000)
 Metaspace       used 18810K, capacity 19028K, committed 19200K, reserved 1067008K
  class space    used 2435K, capacity 2510K, committed 2560K, reserved 1048576K
Event: 1.794 GC heap after
Heap after GC invocations=6 (full 1):
 PSYoungGen      total 64000K, used 0K [0x00000000ec400000, 0x00000000f5b00000, 0x0000000100000000)
  eden space 61440K, 0% used [0x00000000ec400000,0x00000000ec400000,0x00000000f0000000)
  from space 2560K, 0% used [0x00000000f0000000,0x00000000f0000000,0x00000000f0280000)
  to   space 15872K, 0% used [0x00000000f4b80000,0x00000000f4b80000,0x00000000f5b00000)
 ParOldGen       total 59904K, used 22048K [0x00000000c4c00000, 0x00000000c8680000, 0x00000000ec400000)
  object space 59904K, 36% used [0x00000000c4c00000,0x00000000c6188228,0x00000000c8680000)
 Metaspace       used 18810K, capacity 19028K, committed 19200K, reserved 1067008K
  class space    used 2435K, capacity 2510K, committed 2560K, reserved 1048576K
}

